# JRE version: Java(TM) SE Runtime Environment (8.0_112-b15) (build 1.8.0_112-b15)
# Java VM: Java HotSpot(TM) 64-Bit Server VM (25.112-b15 mixed mode windows-amd64 compressed oops)
Heap:
 PSYoungGen      total 96256K, used 9419K [0x000000076b200000, 0x0000000771b80000, 0x00000007c0000000)
  eden space 85504K, 11% used [0x000000076b200000,0x000000076bb32f50,0x0000000770580000)
  from space 10752K, 0% used [0x0000000771000000,0x0000000771000000,0x0000000771a80000)
  to   space 10752K, 0% used [0x0000000770580000,0x0000000770580000,0x0000000771000000)
 ParOldGen       total 274944K, used 44144K [0x00000006c1600000, 0x00000006d2280000, 0x000000076b200000)
  object space 274944K, 16% used [0x00000006c1600000,0x00000006c411c248,0x00000006d2280000)
 Metaspace       used 28927K, capacity 29330K, committed 29744K, reserved 1075200K
  class space    used 3669K, capacity 3763K, committed 3888K, reserved 1048576K
GC Heap History (10 events):
Event: 1.712 GC heap before
{Heap before GC invocations=2 (full 0):
 PSYoungGen      total 76288K, used 43643K [0x000000076b200000, 0x0000000770700000, 0x00000007c0000000)
  eden space 65536K, 54% used [0x000000076b200000,0x000000076d4c5c48,0x000000076f200000)
  from space 10752K, 74% used [0x000000076f200000,0x000000076f9d92a0,0x000000076fc80000)
  to   space 10752K, 0% used [0x000000076fc80000,0x000000076fc80000,0x0000000770700000)
 ParOldGen       total 175104K, used 24K [0x00000006c1600000, 0x00000006cc100000, 0x000000076b200000)
  object space 175104K, 0% used [0x00000006c1600000,0x00000006c1606000,0x00000006cc100000)
 Metaspace       used 20833K, capacity 21128K, committed 21296K, reserved 1067008K
  class space    used 2759K, capacity 2844K, committed 2864K, reserved 1048576K
Event: 1.721 GC heap after
Heap after GC invocations=2 (full 0):
 PSYoungGen      total 76288K, used 8269K [0x000000076b200000, 0x0000000774700000, 0x00000007c0000000)
  eden space 65536K, 0% used [0x000000076b200000,0x000000076b200000,0x000000076f200000)
  from space 10752K, 76% used [0x000000076fc80000,0x00000007704936e0,0x0000000770700000)
  to   space 10752K, 0% used [0x000000076f200000,0x000000076f200000,0x000000076fc80000)
 ParOldGen       total 175104K, used 32K [0x00000006c1600000, 0x00000006cc100000, 0x000000076b200000)
  object space 175104K, 0% used [0x00000006c1600000,0x00000006c1608000,0x00000006cc100000)
 Metaspace       used 20833K, capacity 21128K, committed 21296K, reserved 1067008K
  class space    used 2759K, capacity 2844K, committed 2864K, reserved 1048576K
}
Event: 1.721 GC heap before
{Heap before GC invocations=3 (full 1):
 PSYoungGen      total 76288K, used 8269K [0x000000076b200000, 0x0000000774700000, 0x00000007c0000000)
  eden space 65536K, 0% used [0x000000076b200000,0x000000076b200000,0x000000076f200000)
  from space 10752K, 76% used [0x000000076fc80000,0x00000007704936e0,0x0000000770700000)
  to   space 10752K, 0% used [0x000000076f200000,0x000000076f200000,0x000000076fc80000)
 ParOldGen       total 175104K, used 32K [0x00000006c1600000, 0x00000006cc100000, 0x000000076b200000)
  object space 175104K, 0% used [0x00000006c1600000,0x00000006c1608000,0x00000006cc100000)
 Metaspace       used 20833K, capacity 21128K, committed 21296K, reserved 1067008K
  class space    used 2759K, capacity 2844K, committed 2864K, reserved 1048576K
Event: 1.762 GC heap after
Heap after GC invocations=3 (full 1):
 PSYoungGen      total 76288K, used 0K [0x000000076b200000, 0x0000000774700000, 0x00000007c0000000)
  eden space 65536K, 0% used [0x000000076b200000,0x000000076b200000,0x000000076f200000)
  from space 10752K, 0% used [0x000000076fc80000,0x000000076fc80000,0x0000000770700000)
  to   space 10752K, 0% used [0x000000076f200000,0x000000076f200000,0x000000076fc80000)
 ParOldGen       total 117760K, used 8108K [0x00000006c1600000, 0x00000006c8900000, 0x000000076b200000)
  object space 117760K, 6% used [0x00000006c1600000,0x00000006c1deb0b8,0x00000006c8900000)
 Metaspace       used 20833K, capacity 21128K, committed 21296K, reserved 1067008K
  class space    used 2759K, capacity 2844K, committed 2864K, reserved 1048576K
}
Event: 2.528 GC heap before
{Heap before GC invocations=4 (full 1):
 PSYoungGen      total 76288K, used 65536K [0x000000076b200000, 0x0000000774700000, 0x00000007c0000000)
  eden space 65536K, 100% used [0x000000076b200000,0x000000076f200000,0x000000076f200000)
  from space 10752K, 0% used [0x000000076fc80000,0x000000076fc80000,0x0000000770700000)
  to   space 10752K, 0% used [0x000000076f200000,0x000000076f200000,0x000000076fc80000)
 ParOldGen       total 117760K, used 8108K [0x00000006c1600000, 0x00000006c8900000, 0x000000076b200000)
  object space 117760K, 6% used [0x00000006c1600000,0x00000006c1deb0b8,0x00000006c8900000)
 Metaspace       used 25843K, capacity 26280K, committed 26544K, reserved 1073152K
  class space    used 3365K, capacity 3474K, committed 3504K, reserved 1048576K
Event: 2.534 GC heap after
Heap after GC invocations=4 (full 1):
 PSYoungGen      total 76288K, used 3143K [0x000000076b200000, 0x0000000771a80000, 0x00000007c0000000)
  eden space 65536K, 0% used [0x000000076b200000,0x000000076b200000,0x000000076f200000)
  from space 10752K, 29% used [0x000000076f200000,0x000000076f511e18,0x000000076fc80000)
  to   space 10752K, 0% used [0x0000000771000000,0x0000000771000000,0x0000000771a80000)
 ParOldGen       total 117760K, used 8108K [0x00000006c1600000, 0x00000006c8900000, 0x000000076b200000)
  object space 117760K, 6% used [0x00000006c1600000,0x00000006c1deb0b8,0x00000006c8900000)
 Metaspace       used 25843K, capacity 26280K, committed 26544K, reserved 1073152K
  class space    used 3365K, capacity 3474K, committed 3504K, reserved 1048576K
}
Event: 4.051 GC heap before
{Heap before GC invocations=5 (full 1):
 PSYoungGen      total 76288K, used 68542K [0x000000076b200000, 0x0000000771a80000, 0x00000007c0000000)
  eden space 65536K, 99% used [0x000000076b200000,0x000000076f1dda80,0x000000076f200000)
  from space 10752K, 29% used [0x000000076f200000,0x000000076f511e18,0x000000076fc80000)
  to   space 10752K, 0% used [0x0000000771000000,0x0000000771000000,0x0000000771a80000)
 ParOldGen       total 117760K, used 8300K [0x00000006c1600000, 0x00000006c8900000, 0x000000076b200000)
  object space 117760K, 7% used [0x00000006c1600000,0x00000006c1e1b0c8,0x00000006c8900000)
 Metaspace       used 28290K, capacity 28716K, committed 29104K, reserved 1075200K
  class space    used 3624K, capacity 3730K, committed 3760K, reserved 1048576K
Event: 4.072 GC heap after
Heap after GC invocations=5 (full 1):
 PSYoungGen      total 96256K, used 10726K [0x000000076b200000, 0x0000000771b80000, 0x00000007c0000000)
  eden space 85504K, 0% used [0x000000076b200000,0x000000076b200000,0x0000000770580000)
  from space 10752K, 99% used [0x0000000771000000,0x0000000771a798d8,0x0000000771a80000)
  to   space 10752K, 0% used [0x0000000770580000,0x0000000770580000,0x0000000771000000)
 ParOldGen       total 117760K, used 74674K [0x00000006c1600000, 0x00000006c8900000, 0x000000076b200000)
  object space 117760K, 63% used [0x00000006c1600000,0x00000006c5eecbb8,0x00000006c8900000)
 Metaspace       used 28290K, capacity 28716K, committed 29104K, reserved 1075200K
  class space    used 3624K, capacity 3730K, committed 3760K, reserved 1048576K
}
Event: 4.072 GC heap before
{Heap before GC invocations=6 (full 2):
 PSYoungGen      total 96256K, used 10726K [0x000000076b200000, 0x0000000771b80000, 0x00000007c0000000)
  eden space 85504K, 0% used [0x000000076b200000,0x000000076b200000,0x0000000770580000)
  from space 10752K, 99% used [0x0000000771000000,0x0000000771a798d8,0x0000000771a80000)
  to   space 10752K, 0% used [0x0000000770580000,0x0000000770580000,0x0000000771000000)
 ParOldGen       total 117760K, used 74674K [0x00000006c1600000, 0x00000006c8900000, 0x000000076b200000)
  object space 117760K, 63% used [0x00000006c1600000,0x00000006c5eecbb8,0x00000006c8900000)
 Metaspace       used 28290K, capacity 28716K, committed 29104K, reserved 1075200K
  class space    used 3624K, capacity 3730K, committed 3760K, reserved 1048576K
Event: 4.099 GC heap after
Heap after GC invocations=6 (full 2):
 PSYoungGen      total 96256K, used 0K [0x000000076b200000, 0x0000000771b80000, 0x00000007c0000000)
  eden space 85504K, 0% used [0x000000076b200000,0x000000076b200000,0x0000000770580000)
  from space 10752K, 0% used [0x0000000771000000,0x0000000771000000,0x0000000771a80000)
  to   space 10752K, 0% used [0x0000000770580000,0x0000000770580000,0x0000000771000000)
 ParOldGen       total 274944K, used 44144K [0x00000006c1600000, 0x00000006d2280000, 0x000000076b200000)
  object space 274944K, 16% used [0x00000006c1600000,0x00000006c411c248,0x00000006d2280000)
 Metaspace       used 28290K, capacity 28716K, committed 29104K, reserved 1075200K
  class space    used 3624K, capacity 3730K, committed 3760K, reserved 1048576K
}

