# JRE version: Java(TM) SE Runtime Environment (8.0_112-b15) (build 1.8.0_112-b15)
# Java VM: Java HotSpot(TM) 64-Bit Server VM (25.112-b15 mixed mode windows-amd64 compressed oops)
Heap:
 PSYoungGen      total 133120K, used 24918K [0x000000076b200000, 0x0000000775f80000, 0x00000007c0000000)
  eden space 118272K, 8% used [0x000000076b200000,0x000000076bbdbe58,0x0000000772580000)
  from space 14848K, 99% used [0x0000000773e80000,0x0000000774cf9a40,0x0000000774d00000)
  to   space 25600K, 0% used [0x0000000772580000,0x0000000772580000,0x0000000773e80000)
 ParOldGen       total 125440K, used 30396K [0x00000006c1600000, 0x00000006c9080000, 0x000000076b200000)
  object space 125440K, 24% used [0x00000006c1600000,0x00000006c33af0e0,0x00000006c9080000)
 Metaspace       used 31417K, capacity 33458K, committed 33664K, reserved 1077248K
  class space    used 4584K, capacity 4922K, committed 4992K, reserved 1048576K
GC Heap History (10 events):
Event: 2.012 GC heap before
{Heap before GC invocations=3 (full 1):
 PSYoungGen      total 76288K, used 10742K [0x000000076b200000, 0x0000000770700000, 0x00000007c0000000)
  eden space 65536K, 0% used [0x000000076b200000,0x000000076b200000,0x000000076f200000)
  from space 10752K, 99% used [0x000000076fc80000,0x00000007706fd930,0x0000000770700000)
  to   space 10752K, 0% used [0x000000076f200000,0x000000076f200000,0x000000076fc80000)
 ParOldGen       total 175104K, used 677K [0x00000006c1600000, 0x00000006cc100000, 0x000000076b200000)
  object space 175104K, 0% used [0x00000006c1600000,0x00000006c16a9790,0x00000006cc100000)
 Metaspace       used 20464K, capacity 21118K, committed 21248K, reserved 1067008K
  class space    used 2809K, capacity 2990K, committed 3072K, reserved 1048576K
Event: 2.060 GC heap after
Heap after GC invocations=3 (full 1):
 PSYoungGen      total 76288K, used 0K [0x000000076b200000, 0x0000000770700000, 0x00000007c0000000)
  eden space 65536K, 0% used [0x000000076b200000,0x000000076b200000,0x000000076f200000)
  from space 10752K, 0% used [0x000000076fc80000,0x000000076fc80000,0x0000000770700000)
  to   space 10752K, 0% used [0x000000076f200000,0x000000076f200000,0x000000076fc80000)
 ParOldGen       total 125440K, used 11184K [0x00000006c1600000, 0x00000006c9080000, 0x000000076b200000)
  object space 125440K, 8% used [0x00000006c1600000,0x00000006c20ec0c8,0x00000006c9080000)
 Metaspace       used 20464K, capacity 21118K, committed 21248K, reserved 1067008K
  class space    used 2809K, capacity 2990K, committed 3072K, reserved 1048576K
}
Event: 2.638 GC heap before
{Heap before GC invocations=4 (full 1):
 PSYoungGen      total 76288K, used 65536K [0x000000076b200000, 0x0000000770700000, 0x00000007c0000000)
  eden space 65536K, 100% used [0x000000076b200000,0x000000076f200000,0x000000076f200000)
  from space 10752K, 0% used [0x000000076fc80000,0x000000076fc80000,0x0000000770700000)
  to   space 10752K, 0% used [0x000000076f200000,0x000000076f200000,0x000000076fc80000)
 ParOldGen       total 125440K, used 11184K [0x00000006c1600000, 0x00000006c9080000, 0x000000076b200000)
  object space 125440K, 8% used [0x00000006c1600000,0x00000006c20ec0c8,0x00000006c9080000)
 Metaspace       used 23023K, capacity 23924K, committed 24064K, reserved 1069056K
  class space    used 3313K, capacity 3511K, committed 3584K, reserved 1048576K
Event: 2.650 GC heap after
Heap after GC invocations=4 (full 1):
 PSYoungGen      total 76288K, used 9404K [0x000000076b200000, 0x0000000771d00000, 0x00000007c0000000)
  eden space 65536K, 0% used [0x000000076b200000,0x000000076b200000,0x000000076f200000)
  from space 10752K, 87% used [0x000000076f200000,0x000000076fb2f170,0x000000076fc80000)
  to   space 10752K, 0% used [0x0000000771280000,0x0000000771280000,0x0000000771d00000)
 ParOldGen       total 125440K, used 11192K [0x00000006c1600000, 0x00000006c9080000, 0x000000076b200000)
  object space 125440K, 8% used [0x00000006c1600000,0x00000006c20ee0c8,0x00000006c9080000)
 Metaspace       used 23023K, capacity 23924K, committed 24064K, reserved 1069056K
  class space    used 3313K, capacity 3511K, committed 3584K, reserved 1048576K
}
Event: 3.008 GC heap before
{Heap before GC invocations=5 (full 1):
 PSYoungGen      total 76288K, used 74940K [0x000000076b200000, 0x0000000771d00000, 0x00000007c0000000)
  eden space 65536K, 100% used [0x000000076b200000,0x000000076f200000,0x000000076f200000)
  from space 10752K, 87% used [0x000000076f200000,0x000000076fb2f170,0x000000076fc80000)
  to   space 10752K, 0% used [0x0000000771280000,0x0000000771280000,0x0000000771d00000)
 ParOldGen       total 125440K, used 11192K [0x00000006c1600000, 0x00000006c9080000, 0x000000076b200000)
  object space 125440K, 8% used [0x00000006c1600000,0x00000006c20ee0c8,0x00000006c9080000)
 Metaspace       used 23028K, capacity 23924K, committed 24064K, reserved 1069056K
  class space    used 3313K, capacity 3511K, committed 3584K, reserved 1048576K
Event: 3.021 GC heap after
Heap after GC invocations=5 (full 1):
 PSYoungGen      total 98816K, used 10732K [0x000000076b200000, 0x0000000772300000, 0x00000007c0000000)
  eden space 88064K, 0% used [0x000000076b200000,0x000000076b200000,0x0000000770800000)
  from space 10752K, 99% used [0x0000000771280000,0x0000000771cfb160,0x0000000771d00000)
  to   space 10752K, 0% used [0x0000000770800000,0x0000000770800000,0x0000000771280000)
 ParOldGen       total 125440K, used 13116K [0x00000006c1600000, 0x00000006c9080000, 0x000000076b200000)
  object space 125440K, 10% used [0x00000006c1600000,0x00000006c22cf0d8,0x00000006c9080000)
 Metaspace       used 23028K, capacity 23924K, committed 24064K, reserved 1069056K
  class space    used 3313K, capacity 3511K, committed 3584K, reserved 1048576K
}
Event: 3.515 GC heap before
{Heap before GC invocations=6 (full 1):
 PSYoungGen      total 98816K, used 98796K [0x000000076b200000, 0x0000000772300000, 0x00000007c0000000)
  eden space 88064K, 100% used [0x000000076b200000,0x0000000770800000,0x0000000770800000)
  from space 10752K, 99% used [0x0000000771280000,0x0000000771cfb160,0x0000000771d00000)
  to   space 10752K, 0% used [0x0000000770800000,0x0000000770800000,0x0000000771280000)
 ParOldGen       total 125440K, used 13116K [0x00000006c1600000, 0x00000006c9080000, 0x000000076b200000)
  object space 125440K, 10% used [0x00000006c1600000,0x00000006c22cf0d8,0x00000006c9080000)
 Metaspace       used 23989K, capacity 24984K, committed 25216K, reserved 1071104K
  class space    used 3449K, capacity 3623K, committed 3712K, reserved 1048576K
Event: 3.529 GC heap after
Heap after GC invocations=6 (full 1):
 PSYoungGen      total 98816K, used 10748K [0x000000076b200000, 0x0000000774d00000, 0x00000007c0000000)
  eden space 88064K, 0% used [0x000000076b200000,0x000000076b200000,0x0000000770800000)
  from space 10752K, 99% used [0x0000000770800000,0x000000077127f170,0x0000000771280000)
  to   space 14848K, 0% used [0x0000000773e80000,0x0000000773e80000,0x0000000774d00000)
 ParOldGen       total 125440K, used 14683K [0x00000006c1600000, 0x00000006c9080000, 0x000000076b200000)
  object space 125440K, 11% used [0x00000006c1600000,0x00000006c2456e00,0x00000006c9080000)
 Metaspace       used 23989K, capacity 24984K, committed 25216K, reserved 1071104K
  class space    used 3449K, capacity 3623K, committed 3712K, reserved 1048576K
}
Event: 6.487 GC heap before
{Heap before GC invocations=7 (full 1):
 PSYoungGen      total 98816K, used 98645K [0x000000076b200000, 0x0000000774d00000, 0x00000007c0000000)
  eden space 88064K, 99% used [0x000000076b200000,0x00000007707d6480,0x0000000770800000)
  from space 10752K, 99% used [0x0000000770800000,0x000000077127f170,0x0000000771280000)
  to   space 14848K, 0% used [0x0000000773e80000,0x0000000773e80000,0x0000000774d00000)
 ParOldGen       total 125440K, used 14683K [0x00000006c1600000, 0x00000006c9080000, 0x000000076b200000)
  object space 125440K, 11% used [0x00000006c1600000,0x00000006c2456e00,0x00000006c9080000)
 Metaspace       used 31267K, capacity 33250K, committed 33408K, reserved 1077248K
  class space    used 4576K, capacity 4922K, committed 4992K, reserved 1048576K
Event: 6.520 GC heap after
Heap after GC invocations=7 (full 1):
 PSYoungGen      total 133120K, used 14822K [0x000000076b200000, 0x0000000775f80000, 0x00000007c0000000)
  eden space 118272K, 0% used [0x000000076b200000,0x000000076b200000,0x0000000772580000)
  from space 14848K, 99% used [0x0000000773e80000,0x0000000774cf9a40,0x0000000774d00000)
  to   space 25600K, 0% used [0x0000000772580000,0x0000000772580000,0x0000000773e80000)
 ParOldGen       total 125440K, used 30396K [0x00000006c1600000, 0x00000006c9080000, 0x000000076b200000)
  object space 125440K, 24% used [0x00000006c1600000,0x00000006c33af0e0,0x00000006c9080000)
 Metaspace       used 31267K, capacity 33250K, committed 33408K, reserved 1077248K
  class space    used 4576K, capacity 4922K, committed 4992K, reserved 1048576K
}

