# JRE version: Java(TM) SE Runtime Environment (8.0_112-b15) (build 1.8.0_112-b15)
# Java VM: Java HotSpot(TM) 64-Bit Server VM (25.112-b15 mixed mode windows-amd64 compressed oops)
Heap:
 PSYoungGen      total 214528K, used 38599K [0x000000076b200000, 0x000000077a400000, 0x00000007c0000000)
  eden space 185344K, 12% used [0x000000076b200000,0x000000076c84b228,0x0000000776700000)
  from space 29184K, 54% used [0x0000000778200000,0x0000000779166cb8,0x0000000779e80000)
  to   space 27648K, 0% used [0x0000000776700000,0x0000000776700000,0x0000000778200000)
 ParOldGen       total 211968K, used 41986K [0x00000006c1600000, 0x00000006ce500000, 0x000000076b200000)
  object space 211968K, 19% used [0x00000006c1600000,0x00000006c3f009c8,0x00000006ce500000)
 Metaspace       used 34077K, capacity 36148K, committed 36352K, reserved 1081344K
  class space    used 4731K, capacity 5103K, committed 5120K, reserved 1048576K
GC Heap History (10 events):
Event: 3.306 GC heap before
{Heap before GC invocations=6 (full 1):
 PSYoungGen      total 99840K, used 99820K [0x000000076b200000, 0x0000000772900000, 0x00000007c0000000)
  eden space 89088K, 100% used [0x000000076b200000,0x0000000770900000,0x0000000770900000)
  from space 10752K, 99% used [0x0000000771380000,0x0000000771dfb180,0x0000000771e00000)
  to   space 10752K, 0% used [0x0000000770900000,0x0000000770900000,0x0000000771380000)
 ParOldGen       total 123392K, used 13239K [0x00000006c1600000, 0x00000006c8e80000, 0x000000076b200000)
  object space 123392K, 10% used [0x00000006c1600000,0x00000006c22edf80,0x00000006c8e80000)
 Metaspace       used 24002K, capacity 24980K, committed 25216K, reserved 1071104K
  class space    used 3446K, capacity 3623K, committed 3712K, reserved 1048576K
Event: 3.325 GC heap after
Heap after GC invocations=6 (full 1):
 PSYoungGen      total 99840K, used 10748K [0x000000076b200000, 0x0000000775700000, 0x00000007c0000000)
  eden space 89088K, 0% used [0x000000076b200000,0x000000076b200000,0x0000000770900000)
  from space 10752K, 99% used [0x0000000770900000,0x000000077137f190,0x0000000771380000)
  to   space 15360K, 0% used [0x0000000774800000,0x0000000774800000,0x0000000775700000)
 ParOldGen       total 123392K, used 14919K [0x00000006c1600000, 0x00000006c8e80000, 0x000000076b200000)
  object space 123392K, 12% used [0x00000006c1600000,0x00000006c2491ca8,0x00000006c8e80000)
 Metaspace       used 24002K, capacity 24980K, committed 25216K, reserved 1071104K
  class space    used 3446K, capacity 3623K, committed 3712K, reserved 1048576K
}
Event: 6.757 GC heap before
{Heap before GC invocations=7 (full 1):
 PSYoungGen      total 99840K, used 99836K [0x000000076b200000, 0x0000000775700000, 0x00000007c0000000)
  eden space 89088K, 100% used [0x000000076b200000,0x0000000770900000,0x0000000770900000)
  from space 10752K, 99% used [0x0000000770900000,0x000000077137f190,0x0000000771380000)
  to   space 15360K, 0% used [0x0000000774800000,0x0000000774800000,0x0000000775700000)
 ParOldGen       total 123392K, used 14919K [0x00000006c1600000, 0x00000006c8e80000, 0x000000076b200000)
  object space 123392K, 12% used [0x00000006c1600000,0x00000006c2491ca8,0x00000006c8e80000)
 Metaspace       used 31235K, capacity 33250K, committed 33408K, reserved 1077248K
  class space    used 4577K, capacity 4922K, committed 4992K, reserved 1048576K
Event: 6.782 GC heap after
Heap after GC invocations=7 (full 1):
 PSYoungGen      total 143872K, used 15351K [0x000000076b200000, 0x0000000776580000, 0x00000007c0000000)
  eden space 128512K, 0% used [0x000000076b200000,0x000000076b200000,0x0000000772f80000)
  from space 15360K, 99% used [0x0000000774800000,0x00000007756fdd68,0x0000000775700000)
  to   space 25088K, 0% used [0x0000000772f80000,0x0000000772f80000,0x0000000774800000)
 ParOldGen       total 123392K, used 28918K [0x00000006c1600000, 0x00000006c8e80000, 0x000000076b200000)
  object space 123392K, 23% used [0x00000006c1600000,0x00000006c323dab0,0x00000006c8e80000)
 Metaspace       used 31235K, capacity 33250K, committed 33408K, reserved 1077248K
  class space    used 4577K, capacity 4922K, committed 4992K, reserved 1048576K
}
Event: 26.779 GC heap before
{Heap before GC invocations=8 (full 1):
 PSYoungGen      total 143872K, used 87872K [0x000000076b200000, 0x0000000776580000, 0x00000007c0000000)
  eden space 128512K, 56% used [0x000000076b200000,0x000000076f8d2620,0x0000000772f80000)
  from space 15360K, 99% used [0x0000000774800000,0x00000007756fdd68,0x0000000775700000)
  to   space 25088K, 0% used [0x0000000772f80000,0x0000000772f80000,0x0000000774800000)
 ParOldGen       total 123392K, used 28918K [0x00000006c1600000, 0x00000006c8e80000, 0x000000076b200000)
  object space 123392K, 23% used [0x00000006c1600000,0x00000006c323dab0,0x00000006c8e80000)
 Metaspace       used 33325K, capacity 35376K, committed 35416K, reserved 1079296K
  class space    used 4727K, capacity 5097K, committed 5120K, reserved 1048576K
Event: 26.795 GC heap after
Heap after GC invocations=8 (full 1):
 PSYoungGen      total 153600K, used 25034K [0x000000076b200000, 0x0000000779e80000, 0x00000007c0000000)
  eden space 128512K, 0% used [0x000000076b200000,0x000000076b200000,0x0000000772f80000)
  from space 25088K, 99% used [0x0000000772f80000,0x00000007747f2850,0x0000000774800000)
  to   space 29184K, 0% used [0x0000000778200000,0x0000000778200000,0x0000000779e80000)
 ParOldGen       total 123392K, used 28926K [0x00000006c1600000, 0x00000006c8e80000, 0x000000076b200000)
  object space 123392K, 23% used [0x00000006c1600000,0x00000006c323fab0,0x00000006c8e80000)
 Metaspace       used 33325K, capacity 35376K, committed 35416K, reserved 1079296K
  class space    used 4727K, capacity 5097K, committed 5120K, reserved 1048576K
}
Event: 26.795 GC heap before
{Heap before GC invocations=9 (full 2):
 PSYoungGen      total 153600K, used 25034K [0x000000076b200000, 0x0000000779e80000, 0x00000007c0000000)
  eden space 128512K, 0% used [0x000000076b200000,0x000000076b200000,0x0000000772f80000)
  from space 25088K, 99% used [0x0000000772f80000,0x00000007747f2850,0x0000000774800000)
  to   space 29184K, 0% used [0x0000000778200000,0x0000000778200000,0x0000000779e80000)
 ParOldGen       total 123392K, used 28926K [0x00000006c1600000, 0x00000006c8e80000, 0x000000076b200000)
  object space 123392K, 23% used [0x00000006c1600000,0x00000006c323fab0,0x00000006c8e80000)
 Metaspace       used 33325K, capacity 35376K, committed 35416K, reserved 1079296K
  class space    used 4727K, capacity 5097K, committed 5120K, reserved 1048576K
Event: 26.900 GC heap after
Heap after GC invocations=9 (full 2):
 PSYoungGen      total 153600K, used 0K [0x000000076b200000, 0x0000000779e80000, 0x00000007c0000000)
  eden space 128512K, 0% used [0x000000076b200000,0x000000076b200000,0x0000000772f80000)
  from space 25088K, 0% used [0x0000000772f80000,0x0000000772f80000,0x0000000774800000)
  to   space 29184K, 0% used [0x0000000778200000,0x0000000778200000,0x0000000779e80000)
 ParOldGen       total 211968K, used 41978K [0x00000006c1600000, 0x00000006ce500000, 0x000000076b200000)
  object space 211968K, 19% used [0x00000006c1600000,0x00000006c3efe9c8,0x00000006ce500000)
 Metaspace       used 33325K, capacity 35376K, committed 35416K, reserved 1079296K
  class space    used 4727K, capacity 5097K, committed 5120K, reserved 1048576K
}
Event: 32.613 GC heap before
{Heap before GC invocations=10 (full 2):
 PSYoungGen      total 153600K, used 128512K [0x000000076b200000, 0x0000000779e80000, 0x00000007c0000000)
  eden space 128512K, 100% used [0x000000076b200000,0x0000000772f80000,0x0000000772f80000)
  from space 25088K, 0% used [0x0000000772f80000,0x0000000772f80000,0x0000000774800000)
  to   space 29184K, 0% used [0x0000000778200000,0x0000000778200000,0x0000000779e80000)
 ParOldGen       total 211968K, used 41978K [0x00000006c1600000, 0x00000006ce500000, 0x000000076b200000)
  object space 211968K, 19% used [0x00000006c1600000,0x00000006c3efe9c8,0x00000006ce500000)
 Metaspace       used 33700K, capacity 35840K, committed 36096K, reserved 1081344K
  class space    used 4727K, capacity 5097K, committed 5120K, reserved 1048576K
Event: 32.623 GC heap after
Heap after GC invocations=10 (full 2):
 PSYoungGen      total 214528K, used 15771K [0x000000076b200000, 0x000000077a400000, 0x00000007c0000000)
  eden space 185344K, 0% used [0x000000076b200000,0x000000076b200000,0x0000000776700000)
  from space 29184K, 54% used [0x0000000778200000,0x0000000779166cb8,0x0000000779e80000)
  to   space 27648K, 0% used [0x0000000776700000,0x0000000776700000,0x0000000778200000)
 ParOldGen       total 211968K, used 41986K [0x00000006c1600000, 0x00000006ce500000, 0x000000076b200000)
  object space 211968K, 19% used [0x00000006c1600000,0x00000006c3f009c8,0x00000006ce500000)
 Metaspace       used 33700K, capacity 35840K, committed 36096K, reserved 1081344K
  class space    used 4727K, capacity 5097K, committed 5120K, reserved 1048576K
}

